ERROR - 2023-10-27 02:07:06 --> mysqli_sql_exception: Column 'status' cannot be null in C:\Users\LENOVO\Documents\CI4\smart Plug\system\Database\MySQLi\Connection.php:306
Stack trace:
#0 C:\Users\LENOVO\Documents\CI4\smart Plug\system\Database\MySQLi\Connection.php(306): mysqli->query('INSERT INTO `re...', 0)
#1 C:\Users\LENOVO\Documents\CI4\smart Plug\system\Database\BaseConnection.php(692): CodeIgniter\Database\MySQLi\Connection->execute('INSERT INTO `re...')
#2 C:\Users\LENOVO\Documents\CI4\smart Plug\system\Database\BaseConnection.php(606): CodeIgniter\Database\BaseConnection->simpleQuery('INSERT INTO `re...')
#3 C:\Users\LENOVO\Documents\CI4\smart Plug\system\Database\BaseBuilder.php(2308): CodeIgniter\Database\BaseConnection->query('INSERT INTO `re...', Array, false)
#4 C:\Users\LENOVO\Documents\CI4\smart Plug\system\Model.php(319): CodeIgniter\Database\BaseBuilder->insert()
#5 C:\Users\LENOVO\Documents\CI4\smart Plug\system\BaseModel.php(788): CodeIgniter\Model->doInsert(Array)
#6 C:\Users\LENOVO\Documents\CI4\smart Plug\system\Model.php(715): CodeIgniter\BaseModel->insert(Array, true)
#7 C:\Users\LENOVO\Documents\CI4\smart Plug\app\Controllers\Relay.php(22): CodeIgniter\Model->insert(Array)
#8 C:\Users\LENOVO\Documents\CI4\smart Plug\system\CodeIgniter.php(919): App\Controllers\Relay->insertRelay()
#9 C:\Users\LENOVO\Documents\CI4\smart Plug\system\CodeIgniter.php(494): CodeIgniter\CodeIgniter->runController(Object(App\Controllers\Relay))
#10 C:\Users\LENOVO\Documents\CI4\smart Plug\system\CodeIgniter.php(353): CodeIgniter\CodeIgniter->handleRequest(NULL, Object(Config\Cache), false)
#11 C:\Users\LENOVO\Documents\CI4\smart Plug\public\index.php(79): CodeIgniter\CodeIgniter->run()
#12 C:\Users\LENOVO\Documents\CI4\smart Plug\system\Commands\Server\rewrite.php(47): require_once('C:\\Users\\LENOVO...')
#13 {main}
CRITICAL - 2023-10-27 02:07:06 --> Column 'status' cannot be null
in SYSTEMPATH\Database\BaseConnection.php on line 646.
 1 SYSTEMPATH\Database\BaseBuilder.php(2308): CodeIgniter\Database\BaseConnection->query('INSERT INTO `relay` (`status`, `date`) VALUES (:status:, :date:)', [...], false)
 2 SYSTEMPATH\Model.php(319): CodeIgniter\Database\BaseBuilder->insert()
 3 SYSTEMPATH\BaseModel.php(788): CodeIgniter\Model->doInsert([...])
 4 SYSTEMPATH\Model.php(715): CodeIgniter\BaseModel->insert([...], true)
 5 APPPATH\Controllers\Relay.php(22): CodeIgniter\Model->insert([...])
 6 SYSTEMPATH\CodeIgniter.php(919): App\Controllers\Relay->insertRelay()
 7 SYSTEMPATH\CodeIgniter.php(494): CodeIgniter\CodeIgniter->runController(Object(App\Controllers\Relay))
 8 SYSTEMPATH\CodeIgniter.php(353): CodeIgniter\CodeIgniter->handleRequest(null, Object(Config\Cache), false)
 9 FCPATH\index.php(79): CodeIgniter\CodeIgniter->run()
10 SYSTEMPATH\Commands\Server\rewrite.php(47): require_once('C:\\Users\\LENOVO\\Documents\\CI4\\smart Plug\\public\\index.php')
ERROR - 2023-10-27 02:08:50 --> mysqli_sql_exception: Column 'status' cannot be null in C:\Users\LENOVO\Documents\CI4\smart Plug\system\Database\MySQLi\Connection.php:306
Stack trace:
#0 C:\Users\LENOVO\Documents\CI4\smart Plug\system\Database\MySQLi\Connection.php(306): mysqli->query('INSERT INTO `re...', 0)
#1 C:\Users\LENOVO\Documents\CI4\smart Plug\system\Database\BaseConnection.php(692): CodeIgniter\Database\MySQLi\Connection->execute('INSERT INTO `re...')
#2 C:\Users\LENOVO\Documents\CI4\smart Plug\system\Database\BaseConnection.php(606): CodeIgniter\Database\BaseConnection->simpleQuery('INSERT INTO `re...')
#3 C:\Users\LENOVO\Documents\CI4\smart Plug\system\Database\BaseBuilder.php(2308): CodeIgniter\Database\BaseConnection->query('INSERT INTO `re...', Array, false)
#4 C:\Users\LENOVO\Documents\CI4\smart Plug\system\Model.php(319): CodeIgniter\Database\BaseBuilder->insert()
#5 C:\Users\LENOVO\Documents\CI4\smart Plug\system\BaseModel.php(788): CodeIgniter\Model->doInsert(Array)
#6 C:\Users\LENOVO\Documents\CI4\smart Plug\system\Model.php(715): CodeIgniter\BaseModel->insert(Array, true)
#7 C:\Users\LENOVO\Documents\CI4\smart Plug\app\Controllers\Relay.php(22): CodeIgniter\Model->insert(Array)
#8 C:\Users\LENOVO\Documents\CI4\smart Plug\system\CodeIgniter.php(919): App\Controllers\Relay->insertRelay()
#9 C:\Users\LENOVO\Documents\CI4\smart Plug\system\CodeIgniter.php(494): CodeIgniter\CodeIgniter->runController(Object(App\Controllers\Relay))
#10 C:\Users\LENOVO\Documents\CI4\smart Plug\system\CodeIgniter.php(353): CodeIgniter\CodeIgniter->handleRequest(NULL, Object(Config\Cache), false)
#11 C:\Users\LENOVO\Documents\CI4\smart Plug\public\index.php(79): CodeIgniter\CodeIgniter->run()
#12 C:\Users\LENOVO\Documents\CI4\smart Plug\system\Commands\Server\rewrite.php(47): require_once('C:\\Users\\LENOVO...')
#13 {main}
CRITICAL - 2023-10-27 02:08:50 --> Column 'status' cannot be null
in SYSTEMPATH\Database\BaseConnection.php on line 646.
 1 SYSTEMPATH\Database\BaseBuilder.php(2308): CodeIgniter\Database\BaseConnection->query('INSERT INTO `relay` (`status`, `date`) VALUES (:status:, :date:)', [...], false)
 2 SYSTEMPATH\Model.php(319): CodeIgniter\Database\BaseBuilder->insert()
 3 SYSTEMPATH\BaseModel.php(788): CodeIgniter\Model->doInsert([...])
 4 SYSTEMPATH\Model.php(715): CodeIgniter\BaseModel->insert([...], true)
 5 APPPATH\Controllers\Relay.php(22): CodeIgniter\Model->insert([...])
 6 SYSTEMPATH\CodeIgniter.php(919): App\Controllers\Relay->insertRelay()
 7 SYSTEMPATH\CodeIgniter.php(494): CodeIgniter\CodeIgniter->runController(Object(App\Controllers\Relay))
 8 SYSTEMPATH\CodeIgniter.php(353): CodeIgniter\CodeIgniter->handleRequest(null, Object(Config\Cache), false)
 9 FCPATH\index.php(79): CodeIgniter\CodeIgniter->run()
10 SYSTEMPATH\Commands\Server\rewrite.php(47): require_once('C:\\Users\\LENOVO\\Documents\\CI4\\smart Plug\\public\\index.php')
ERROR - 2023-10-27 02:08:56 --> mysqli_sql_exception: Column 'status' cannot be null in C:\Users\LENOVO\Documents\CI4\smart Plug\system\Database\MySQLi\Connection.php:306
Stack trace:
#0 C:\Users\LENOVO\Documents\CI4\smart Plug\system\Database\MySQLi\Connection.php(306): mysqli->query('INSERT INTO `re...', 0)
#1 C:\Users\LENOVO\Documents\CI4\smart Plug\system\Database\BaseConnection.php(692): CodeIgniter\Database\MySQLi\Connection->execute('INSERT INTO `re...')
#2 C:\Users\LENOVO\Documents\CI4\smart Plug\system\Database\BaseConnection.php(606): CodeIgniter\Database\BaseConnection->simpleQuery('INSERT INTO `re...')
#3 C:\Users\LENOVO\Documents\CI4\smart Plug\system\Database\BaseBuilder.php(2308): CodeIgniter\Database\BaseConnection->query('INSERT INTO `re...', Array, false)
#4 C:\Users\LENOVO\Documents\CI4\smart Plug\system\Model.php(319): CodeIgniter\Database\BaseBuilder->insert()
#5 C:\Users\LENOVO\Documents\CI4\smart Plug\system\BaseModel.php(788): CodeIgniter\Model->doInsert(Array)
#6 C:\Users\LENOVO\Documents\CI4\smart Plug\system\Model.php(715): CodeIgniter\BaseModel->insert(Array, true)
#7 C:\Users\LENOVO\Documents\CI4\smart Plug\app\Controllers\Relay.php(22): CodeIgniter\Model->insert(Array)
#8 C:\Users\LENOVO\Documents\CI4\smart Plug\system\CodeIgniter.php(919): App\Controllers\Relay->insertRelay()
#9 C:\Users\LENOVO\Documents\CI4\smart Plug\system\CodeIgniter.php(494): CodeIgniter\CodeIgniter->runController(Object(App\Controllers\Relay))
#10 C:\Users\LENOVO\Documents\CI4\smart Plug\system\CodeIgniter.php(353): CodeIgniter\CodeIgniter->handleRequest(NULL, Object(Config\Cache), false)
#11 C:\Users\LENOVO\Documents\CI4\smart Plug\public\index.php(79): CodeIgniter\CodeIgniter->run()
#12 C:\Users\LENOVO\Documents\CI4\smart Plug\system\Commands\Server\rewrite.php(47): require_once('C:\\Users\\LENOVO...')
#13 {main}
CRITICAL - 2023-10-27 02:08:56 --> Column 'status' cannot be null
in SYSTEMPATH\Database\BaseConnection.php on line 646.
 1 SYSTEMPATH\Database\BaseBuilder.php(2308): CodeIgniter\Database\BaseConnection->query('INSERT INTO `relay` (`status`, `date`) VALUES (:status:, :date:)', [...], false)
 2 SYSTEMPATH\Model.php(319): CodeIgniter\Database\BaseBuilder->insert()
 3 SYSTEMPATH\BaseModel.php(788): CodeIgniter\Model->doInsert([...])
 4 SYSTEMPATH\Model.php(715): CodeIgniter\BaseModel->insert([...], true)
 5 APPPATH\Controllers\Relay.php(22): CodeIgniter\Model->insert([...])
 6 SYSTEMPATH\CodeIgniter.php(919): App\Controllers\Relay->insertRelay()
 7 SYSTEMPATH\CodeIgniter.php(494): CodeIgniter\CodeIgniter->runController(Object(App\Controllers\Relay))
 8 SYSTEMPATH\CodeIgniter.php(353): CodeIgniter\CodeIgniter->handleRequest(null, Object(Config\Cache), false)
 9 FCPATH\index.php(79): CodeIgniter\CodeIgniter->run()
10 SYSTEMPATH\Commands\Server\rewrite.php(47): require_once('C:\\Users\\LENOVO\\Documents\\CI4\\smart Plug\\public\\index.php')
ERROR - 2023-10-27 05:45:10 --> Error connecting to the database: mysqli_sql_exception: No connection could be made because the target machine actively refused it in C:\Users\LENOVO\Documents\CI4\smart Plug\system\Database\MySQLi\Connection.php:184
Stack trace:
#0 C:\Users\LENOVO\Documents\CI4\smart Plug\system\Database\MySQLi\Connection.php(184): mysqli->real_connect('localhost', 'root', Object(SensitiveParameterValue), 'web_smartPlug', 3306, '', 0)
#1 C:\Users\LENOVO\Documents\CI4\smart Plug\system\Database\BaseConnection.php(391): CodeIgniter\Database\MySQLi\Connection->connect(false)
#2 C:\Users\LENOVO\Documents\CI4\smart Plug\system\Database\BaseConnection.php(574): CodeIgniter\Database\BaseConnection->initialize()
#3 C:\Users\LENOVO\Documents\CI4\smart Plug\system\Database\BaseBuilder.php(1615): CodeIgniter\Database\BaseConnection->query('SELECT *\nFROM `...', Array, false)
#4 C:\Users\LENOVO\Documents\CI4\smart Plug\system\Model.php(199): CodeIgniter\Database\BaseBuilder->get()
#5 C:\Users\LENOVO\Documents\CI4\smart Plug\system\BaseModel.php(563): CodeIgniter\Model->doFind(false, NULL)
#6 C:\Users\LENOVO\Documents\CI4\smart Plug\app\Controllers\Pages.php(18): CodeIgniter\BaseModel->find()
#7 C:\Users\LENOVO\Documents\CI4\smart Plug\system\CodeIgniter.php(919): App\Controllers\Pages->index()
#8 C:\Users\LENOVO\Documents\CI4\smart Plug\system\CodeIgniter.php(494): CodeIgniter\CodeIgniter->runController(Object(App\Controllers\Pages))
#9 C:\Users\LENOVO\Documents\CI4\smart Plug\system\CodeIgniter.php(353): CodeIgniter\CodeIgniter->handleRequest(NULL, Object(Config\Cache), false)
#10 C:\Users\LENOVO\Documents\CI4\smart Plug\public\index.php(79): CodeIgniter\CodeIgniter->run()
#11 C:\Users\LENOVO\Documents\CI4\smart Plug\system\Commands\Server\rewrite.php(47): require_once('C:\\Users\\LENOVO...')
#12 {main}

Next CodeIgniter\Database\Exceptions\DatabaseException: No connection could be made because the target machine actively refused it in C:\Users\LENOVO\Documents\CI4\smart Plug\system\Database\MySQLi\Connection.php:229
Stack trace:
#0 C:\Users\LENOVO\Documents\CI4\smart Plug\system\Database\BaseConnection.php(391): CodeIgniter\Database\MySQLi\Connection->connect(false)
#1 C:\Users\LENOVO\Documents\CI4\smart Plug\system\Database\BaseConnection.php(574): CodeIgniter\Database\BaseConnection->initialize()
#2 C:\Users\LENOVO\Documents\CI4\smart Plug\system\Database\BaseBuilder.php(1615): CodeIgniter\Database\BaseConnection->query('SELECT *\nFROM `...', Array, false)
#3 C:\Users\LENOVO\Documents\CI4\smart Plug\system\Model.php(199): CodeIgniter\Database\BaseBuilder->get()
#4 C:\Users\LENOVO\Documents\CI4\smart Plug\system\BaseModel.php(563): CodeIgniter\Model->doFind(false, NULL)
#5 C:\Users\LENOVO\Documents\CI4\smart Plug\app\Controllers\Pages.php(18): CodeIgniter\BaseModel->find()
#6 C:\Users\LENOVO\Documents\CI4\smart Plug\system\CodeIgniter.php(919): App\Controllers\Pages->index()
#7 C:\Users\LENOVO\Documents\CI4\smart Plug\system\CodeIgniter.php(494): CodeIgniter\CodeIgniter->runController(Object(App\Controllers\Pages))
#8 C:\Users\LENOVO\Documents\CI4\smart Plug\system\CodeIgniter.php(353): CodeIgniter\CodeIgniter->handleRequest(NULL, Object(Config\Cache), false)
#9 C:\Users\LENOVO\Documents\CI4\smart Plug\public\index.php(79): CodeIgniter\CodeIgniter->run()
#10 C:\Users\LENOVO\Documents\CI4\smart Plug\system\Commands\Server\rewrite.php(47): require_once('C:\\Users\\LENOVO...')
#11 {main}
CRITICAL - 2023-10-27 05:45:10 --> Unable to connect to the database.
Main connection [MySQLi]: No connection could be made because the target machine actively refused it
in SYSTEMPATH\Database\BaseConnection.php on line 427.
 1 SYSTEMPATH\Database\BaseConnection.php(574): CodeIgniter\Database\BaseConnection->initialize()
 2 SYSTEMPATH\Database\BaseBuilder.php(1615): CodeIgniter\Database\BaseConnection->query('SELECT *
FROM `daya`
ORDER BY `id` DESC
 LIMIT 60', [], false)
 3 SYSTEMPATH\Model.php(199): CodeIgniter\Database\BaseBuilder->get()
 4 SYSTEMPATH\BaseModel.php(563): CodeIgniter\Model->doFind(false, null)
 5 APPPATH\Controllers\Pages.php(18): CodeIgniter\BaseModel->find()
 6 SYSTEMPATH\CodeIgniter.php(919): App\Controllers\Pages->index()
 7 SYSTEMPATH\CodeIgniter.php(494): CodeIgniter\CodeIgniter->runController(Object(App\Controllers\Pages))
 8 SYSTEMPATH\CodeIgniter.php(353): CodeIgniter\CodeIgniter->handleRequest(null, Object(Config\Cache), false)
 9 FCPATH\index.php(79): CodeIgniter\CodeIgniter->run()
10 SYSTEMPATH\Commands\Server\rewrite.php(47): require_once('C:\\Users\\LENOVO\\Documents\\CI4\\smart Plug\\public\\index.php')
