ERROR - 2023-10-21 08:13:40 --> Error connecting to the database: mysqli_sql_exception: No connection could be made because the target machine actively refused it in C:\Users\LENOVO\Downloads\Compressed\nurchim\nurchim\system\Database\MySQLi\Connection.php:184
Stack trace:
#0 C:\Users\LENOVO\Downloads\Compressed\nurchim\nurchim\system\Database\MySQLi\Connection.php(184): mysqli->real_connect('localhost', 'root', Object(SensitiveParameterValue), 'tugas', 3306, '', 0)
#1 C:\Users\LENOVO\Downloads\Compressed\nurchim\nurchim\system\Database\BaseConnection.php(391): CodeIgniter\Database\MySQLi\Connection->connect(false)
#2 C:\Users\LENOVO\Downloads\Compressed\nurchim\nurchim\system\Database\BaseConnection.php(574): CodeIgniter\Database\BaseConnection->initialize()
#3 C:\Users\LENOVO\Downloads\Compressed\nurchim\nurchim\system\Database\BaseBuilder.php(1615): CodeIgniter\Database\BaseConnection->query('SELECT *\nFROM `...', Array, false)
#4 C:\Users\LENOVO\Downloads\Compressed\nurchim\nurchim\system\Model.php(237): CodeIgniter\Database\BaseBuilder->get()
#5 C:\Users\LENOVO\Downloads\Compressed\nurchim\nurchim\system\BaseModel.php(624): CodeIgniter\Model->doFindAll(0, 0)
#6 C:\Users\LENOVO\Downloads\Compressed\nurchim\nurchim\app\Controllers\Pages.php(19): CodeIgniter\BaseModel->findAll()
#7 C:\Users\LENOVO\Downloads\Compressed\nurchim\nurchim\system\CodeIgniter.php(919): App\Controllers\Pages->index()
#8 C:\Users\LENOVO\Downloads\Compressed\nurchim\nurchim\system\CodeIgniter.php(494): CodeIgniter\CodeIgniter->runController(Object(App\Controllers\Pages))
#9 C:\Users\LENOVO\Downloads\Compressed\nurchim\nurchim\system\CodeIgniter.php(353): CodeIgniter\CodeIgniter->handleRequest(NULL, Object(Config\Cache), false)
#10 C:\Users\LENOVO\Downloads\Compressed\nurchim\nurchim\public\index.php(79): CodeIgniter\CodeIgniter->run()
#11 C:\Users\LENOVO\Downloads\Compressed\nurchim\nurchim\system\Commands\Server\rewrite.php(47): require_once('C:\\Users\\LENOVO...')
#12 {main}

Next CodeIgniter\Database\Exceptions\DatabaseException: No connection could be made because the target machine actively refused it in C:\Users\LENOVO\Downloads\Compressed\nurchim\nurchim\system\Database\MySQLi\Connection.php:229
Stack trace:
#0 C:\Users\LENOVO\Downloads\Compressed\nurchim\nurchim\system\Database\BaseConnection.php(391): CodeIgniter\Database\MySQLi\Connection->connect(false)
#1 C:\Users\LENOVO\Downloads\Compressed\nurchim\nurchim\system\Database\BaseConnection.php(574): CodeIgniter\Database\BaseConnection->initialize()
#2 C:\Users\LENOVO\Downloads\Compressed\nurchim\nurchim\system\Database\BaseBuilder.php(1615): CodeIgniter\Database\BaseConnection->query('SELECT *\nFROM `...', Array, false)
#3 C:\Users\LENOVO\Downloads\Compressed\nurchim\nurchim\system\Model.php(237): CodeIgniter\Database\BaseBuilder->get()
#4 C:\Users\LENOVO\Downloads\Compressed\nurchim\nurchim\system\BaseModel.php(624): CodeIgniter\Model->doFindAll(0, 0)
#5 C:\Users\LENOVO\Downloads\Compressed\nurchim\nurchim\app\Controllers\Pages.php(19): CodeIgniter\BaseModel->findAll()
#6 C:\Users\LENOVO\Downloads\Compressed\nurchim\nurchim\system\CodeIgniter.php(919): App\Controllers\Pages->index()
#7 C:\Users\LENOVO\Downloads\Compressed\nurchim\nurchim\system\CodeIgniter.php(494): CodeIgniter\CodeIgniter->runController(Object(App\Controllers\Pages))
#8 C:\Users\LENOVO\Downloads\Compressed\nurchim\nurchim\system\CodeIgniter.php(353): CodeIgniter\CodeIgniter->handleRequest(NULL, Object(Config\Cache), false)
#9 C:\Users\LENOVO\Downloads\Compressed\nurchim\nurchim\public\index.php(79): CodeIgniter\CodeIgniter->run()
#10 C:\Users\LENOVO\Downloads\Compressed\nurchim\nurchim\system\Commands\Server\rewrite.php(47): require_once('C:\\Users\\LENOVO...')
#11 {main}
CRITICAL - 2023-10-21 08:13:40 --> Unable to connect to the database.
Main connection [MySQLi]: No connection could be made because the target machine actively refused it
in SYSTEMPATH\Database\BaseConnection.php on line 427.
 1 SYSTEMPATH\Database\BaseConnection.php(574): CodeIgniter\Database\BaseConnection->initialize()
 2 SYSTEMPATH\Database\BaseBuilder.php(1615): CodeIgniter\Database\BaseConnection->query('SELECT *
FROM `relay`
ORDER BY `id` DESC', [], false)
 3 SYSTEMPATH\Model.php(237): CodeIgniter\Database\BaseBuilder->get()
 4 SYSTEMPATH\BaseModel.php(624): CodeIgniter\Model->doFindAll(0, 0)
 5 APPPATH\Controllers\Pages.php(19): CodeIgniter\BaseModel->findAll()
 6 SYSTEMPATH\CodeIgniter.php(919): App\Controllers\Pages->index()
 7 SYSTEMPATH\CodeIgniter.php(494): CodeIgniter\CodeIgniter->runController(Object(App\Controllers\Pages))
 8 SYSTEMPATH\CodeIgniter.php(353): CodeIgniter\CodeIgniter->handleRequest(null, Object(Config\Cache), false)
 9 FCPATH\index.php(79): CodeIgniter\CodeIgniter->run()
10 SYSTEMPATH\Commands\Server\rewrite.php(47): require_once('C:\\Users\\LENOVO\\Downloads\\Compressed\\nurchim\\nurchim\\public\\index.php')
